c:\users\curtis\documents\visual studio 2015\projects\space game\space game\debug\vc140.pdb
c:\users\curtis\documents\visual studio 2015\projects\space game\space game\debug\vc140.idb
c:\users\curtis\documents\visual studio 2015\projects\space game\space game\debug\main.obj
c:\users\curtis\documents\visual studio 2015\projects\space game\space game\debug\oldsource.obj
c:\users\curtis\documents\visual studio 2015\projects\space game\space game\debug\shader.obj
c:\users\curtis\documents\visual studio 2015\projects\space game\space game\debug\spritemap.obj
c:\users\curtis\documents\visual studio 2015\projects\space game\space game\debug\texture2d.obj
c:\users\curtis\documents\visual studio 2015\projects\space game\space game\debug\window.obj
c:\users\curtis\documents\visual studio 2015\projects\space game\space game\debug\picopng.obj
c:\users\curtis\documents\visual studio 2015\projects\space game\space game\debug\weapon.obj
c:\users\curtis\documents\visual studio 2015\projects\space game\space game\debug\enemy.obj
c:\users\curtis\documents\visual studio 2015\projects\space game\space game\debug\player.obj
c:\users\curtis\documents\visual studio 2015\projects\space game\space game\debug\shot.obj
c:\users\curtis\documents\visual studio 2015\projects\space game\space game\debug\enemyship.obj
c:\users\curtis\documents\visual studio 2015\projects\space game\space game\debug\collision.obj
c:\users\curtis\documents\visual studio 2015\projects\space game\space game\debug\explosion.obj
c:\users\curtis\documents\visual studio 2015\projects\space game\debug\space game.ilk
c:\users\curtis\documents\visual studio 2015\projects\space game\debug\space game.exe
c:\users\curtis\documents\visual studio 2015\projects\space game\debug\space game.pdb
c:\users\curtis\documents\visual studio 2015\projects\space game\space game\debug\space game.tlog\cl.command.1.tlog
c:\users\curtis\documents\visual studio 2015\projects\space game\space game\debug\space game.tlog\cl.read.1.tlog
c:\users\curtis\documents\visual studio 2015\projects\space game\space game\debug\space game.tlog\cl.write.1.tlog
c:\users\curtis\documents\visual studio 2015\projects\space game\space game\debug\space game.tlog\link.command.1.tlog
c:\users\curtis\documents\visual studio 2015\projects\space game\space game\debug\space game.tlog\link.read.1.tlog
c:\users\curtis\documents\visual studio 2015\projects\space game\space game\debug\space game.tlog\link.write.1.tlog
